# tx,ty,tz,qx,qy,qz,qw
0.774178,0.022265,-0.000002,0.000000,-0.000060,0.021969,0.999759
0.796511,0.023451,-0.000003,0.000164,-0.001165,0.024080,0.999709
0.902529,0.028440,-0.000007,0.000001,-0.000094,0.024576,0.999698
1.057463,0.043442,-0.000027,-0.000022,0.000482,0.025489,0.999675
1.110918,0.046200,-0.000038,-0.000011,-0.000132,0.025597,0.999672
1.386667,0.052801,-0.000001,0.000019,-0.000225,0.024530,0.999699
1.568983,0.061894,-0.000007,-0.000006,-0.000069,0.024735,0.999694
1.639438,0.062316,-0.000013,-0.000067,-0.000100,0.024743,0.999694
1.641014,0.061715,-0.000013,-0.000000,0.000010,-0.007651,0.999971
1.640944,0.061702,-0.000013,-0.000018,0.000001,-0.130183,0.991490
1.639872,0.063238,-0.000000,0.000024,-0.000033,-0.262842,0.964839
1.639876,0.063370,0.000000,0.000016,0.000018,-0.351221,0.936293
1.639971,0.063460,0.000000,-0.000052,0.000017,-0.475611,0.879655
1.637295,0.061940,0.000000,-0.000004,0.000003,-0.574153,0.818748
1.637244,0.062062,0.000000,0.000004,0.000027,-0.635476,0.772120
1.630532,0.068797,0.000000,-0.000018,0.000004,-0.698977,0.715145
1.630533,0.068789,0.000000,-0.000020,0.000006,-0.698938,0.715183
1.630534,0.068787,0.000000,-0.000022,0.000006,-0.698728,0.715388
1.630538,0.068780,0.000000,-0.000021,0.000004,-0.698523,0.715588
1.630539,0.068777,0.000000,-0.000020,0.000005,-0.698495,0.715615
1.630541,0.068774,0.000000,-0.000021,0.000006,-0.698788,0.715328
1.630546,0.068763,-0.000000,-0.000020,0.000006,-0.698598,0.715514
1.630545,0.068759,-0.000000,-0.000021,0.000006,-0.698644,0.715469
1.655458,0.069555,-0.000001,-0.000427,0.000400,-0.699079,0.715044
1.829343,0.073522,-0.000007,-0.000015,0.000007,-0.699055,0.715068
1.873326,0.041434,0.000045,0.000902,-0.000730,-0.702449,0.711733
1.873346,0.038762,0.000045,0.000925,-0.000867,-0.702441,0.711741
1.873819,0.001833,0.000036,0.000957,-0.000831,-0.702401,0.711780
1.875146,-0.091584,0.000015,0.000905,-0.000870,-0.702434,0.711747
1.875672,-0.130586,0.000007,0.000951,-0.000834,-0.702388,0.711793
1.874852,-0.251638,-0.000033,0.000035,0.000034,-0.701889,0.712287
1.876346,-0.336989,-0.000000,-0.000010,-0.000022,-0.700798,0.713360
1.876350,-0.337138,-0.000000,-0.000020,-0.000023,-0.700803,0.713355
1.876350,-0.337144,-0.000000,-0.000019,-0.000023,-0.700809,0.713349
1.877004,-0.373517,-0.000004,0.000023,0.000009,-0.700782,0.713376
1.883437,-0.566310,-0.000005,0.000899,0.000887,-0.699679,0.714456
1.885539,-0.667455,-0.000022,0.000192,0.000178,-0.699723,0.714414
1.886461,-0.709986,-0.000029,-0.000000,0.000005,-0.699654,0.714482
1.883334,-0.759246,-0.000001,0.000001,0.000000,-0.700908,0.713251
1.884488,-0.824777,-0.000009,0.000293,0.000294,-0.700787,0.713371
1.885447,-0.879329,-0.000016,-0.000070,-0.000077,-0.700716,0.713440
1.886666,-0.946474,-0.000024,0.000364,0.000381,-0.700583,0.713570
1.879520,-1.000765,0.000016,-0.000221,-0.000224,-0.700847,0.713311
1.882234,-1.149240,0.000062,-0.000112,-0.000103,-0.700889,0.713270
1.884158,-1.219165,-0.000000,0.000172,0.000166,-0.700816,0.713342
1.886059,-1.325143,-0.000000,-0.000017,-0.000053,-0.700853,0.713306
1.884600,-1.457539,-0.000024,0.000807,0.000783,-0.699561,0.714572
1.887089,-1.573715,-0.000061,0.000062,0.000078,-0.699707,0.714430
1.887121,-1.575248,-0.000061,0.000055,0.000062,-0.699699,0.714437
1.887389,-1.588096,-0.000065,-0.000064,-0.000056,-0.699687,0.714449
1.890781,-1.650016,-0.000031,0.000180,0.000171,-0.699319,0.714809
1.893837,-1.787948,-0.000099,-0.000106,-0.000109,-0.699349,0.714780
1.895441,-1.936503,-0.000087,0.000762,0.000811,-0.699128,0.714996
1.896042,-1.963341,-0.000103,0.000040,0.000054,-0.699138,0.714987
1.895969,-2.032609,-0.000012,0.000093,0.000117,-0.699068,0.715055
1.897832,-2.114412,-0.000050,-0.000020,0.000010,-0.698971,0.715150
1.904709,-2.242000,0.000043,-0.000896,-0.000898,-0.698974,0.715146
1.907084,-2.344633,0.000305,-0.001008,-0.001019,-0.698911,0.715208
1.909118,-2.433827,0.000533,-0.001055,-0.001052,-0.698943,0.715176
1.914057,-2.602808,-0.000065,-0.000054,-0.000034,-0.698918,0.715202
1.913941,-2.771980,-0.000058,0.000058,0.000073,-0.699128,0.714996
1.910969,-2.935777,0.000041,-0.000324,-0.000258,-0.693591,0.720369
1.910908,-2.935703,0.000040,-0.000345,-0.000322,-0.651129,0.758967
1.912124,-2.938124,0.000042,-0.000293,-0.000404,-0.547240,0.836976
1.966210,-3.052747,0.000135,-0.000390,-0.000260,-0.539153,0.842208
2.000376,-3.139520,0.000013,-0.000168,-0.000201,-0.509671,0.860370
2.000371,-3.139403,0.000013,-0.000195,-0.000154,-0.399496,0.916735
2.001894,-3.141287,0.000009,-0.000108,-0.000138,-0.286203,0.958169
2.005244,-3.145456,0.000000,0.000031,-0.000003,-0.180832,0.983514
2.005194,-3.145626,0.000000,0.000073,0.000008,-0.055061,0.998483
2.008834,-3.154273,-0.000001,-0.000084,-0.000741,0.024220,0.999706
2.161125,-3.148020,-0.000023,0.000019,-0.000023,0.025536,0.999674
2.369191,-3.139413,-0.000026,-0.000029,0.000026,0.023849,0.999716
2.367607,-3.140407,-0.000025,-0.000031,0.000021,-0.032132,0.999484
2.367659,-3.140406,-0.000025,0.000026,-0.000017,-0.025072,0.999686
2.367652,-3.140403,-0.000025,-0.000057,0.000004,-0.010358,0.999946
2.447940,-3.141898,-0.000036,-0.000019,-0.000055,-0.013600,0.999908
2.595610,-3.143721,-0.000075,0.000029,0.000090,-0.013403,0.999910
2.645185,-3.152187,-0.000000,-0.000005,-0.000226,-0.011871,0.999930
2.765893,-3.155071,-0.000002,-0.000002,-0.000073,-0.011912,0.999929
2.845825,-3.156995,-0.000004,-0.000003,-0.000190,-0.011984,0.999928
2.982596,-3.165603,-0.000062,0.000012,0.000151,-0.012452,0.999922
3.010413,-3.166300,-0.000073,0.000007,0.000047,-0.012461,0.999922
3.066853,-3.168241,-0.000014,-0.000002,0.000035,-0.011384,0.999935
3.239582,-3.172149,-0.000095,0.000005,0.000149,-0.011459,0.999934
3.371449,-3.173578,0.000000,-0.000017,0.000446,-0.011158,0.999938
3.521851,-3.178731,-0.000014,-0.000006,0.000036,-0.011409,0.999935
3.799718,-3.185744,-0.000018,-0.000002,0.000165,-0.011020,0.999939
3.804369,-3.185849,-0.000018,0.000015,-0.000041,-0.011036,0.999939
4.021056,-3.191372,-0.000053,0.000004,0.000130,-0.011756,0.999931
4.165421,-3.196475,-0.000009,0.000001,-0.000150,-0.012046,0.999927
4.281860,-3.199233,-0.000028,0.000034,0.001274,-0.012187,0.999925
4.358506,-3.203266,-0.000018,0.000012,-0.000056,-0.012189,0.999926
4.416954,-3.204299,-0.000040,0.000070,0.000045,0.003292,0.999995
4.426409,-3.203659,-0.000043,-0.000748,-0.000919,0.092574,0.995705
4.577842,-3.169232,-0.000020,-0.000092,0.000071,0.095978,0.995383
4.765614,-3.132714,-0.000056,-0.000062,0.000114,0.098019,0.995185
4.815767,-3.121686,-0.000005,0.000039,-0.000050,0.164327,0.986406
4.815780,-3.121677,-0.000005,0.000037,-0.000033,0.303045,0.952976
4.811955,-3.119182,-0.000000,0.000062,0.000016,0.396744,0.917929
4.811842,-3.119142,0.000000,0.000075,0.000028,0.519396,0.854534
4.821842,-3.098693,-0.000002,0.000256,-0.000702,0.572673,0.819783
4.891231,-2.908039,-0.000034,-0.000006,-0.000005,0.572895,0.819629
4.949977,-2.745028,-0.000025,-0.000059,0.000072,0.575478,0.817817
4.960933,-2.714735,-0.000031,0.000004,0.000026,0.641185,0.767386
4.960695,-2.714818,-0.000031,0.000004,-0.000024,0.714758,0.699372
4.960697,-2.714796,-0.000031,0.000020,0.000017,0.711905,0.702275
4.960693,-2.714793,-0.000031,0.000021,0.000016,0.712063,0.702116
4.960689,-2.714788,-0.000031,0.000023,0.000016,0.712321,0.701854
4.959805,-2.710103,-0.000031,0.000066,-0.000054,0.709976,0.704225
4.958414,-2.633789,-0.000027,-0.000051,0.000043,0.710892,0.703301
4.945794,-2.382859,-0.000015,-0.000546,0.000506,0.711288,0.702900
4.945709,-2.375550,-0.000016,-0.000001,-0.000001,0.711273,0.702915
4.918588,-2.376841,-0.000015,0.000112,0.000130,0.714327,0.699812
4.743232,-2.381350,-0.000015,-0.001800,-0.000245,0.706479,0.707732
4.751215,-2.293985,0.000102,0.002997,0.000964,0.694204,0.719771
4.750682,-2.178920,-0.000000,0.000039,-0.000070,0.695511,0.718516
4.750691,-2.178654,-0.000000,0.000040,-0.000065,0.695513,0.718513
4.750691,-2.178655,-0.000000,0.000041,-0.000065,0.695520,0.718507
4.725060,-2.174486,-0.000001,0.000597,-0.000694,0.691403,0.722468
4.723917,-2.174348,-0.000001,-0.000074,-0.000168,0.691399,0.722473
4.791312,-2.177234,0.000001,0.000703,0.000171,0.691453,0.722421
4.797802,-2.007688,-0.000000,0.000056,-0.000062,0.697550,0.716536
4.799007,-1.873874,-0.000018,0.000018,0.000012,0.696268,0.717782
4.800163,-1.836027,-0.000024,0.000008,0.000046,0.696306,0.717745
4.802480,-1.758064,-0.000007,0.000041,-0.000055,0.696570,0.717489
4.807964,-1.574830,-0.000053,-0.001028,0.001061,0.696572,0.717485
4.804320,-1.548715,0.000079,0.001015,-0.001031,0.697305,0.716773
4.809504,-1.358595,0.000559,0.000943,-0.000964,0.697358,0.716722
4.813714,-1.226776,-0.000027,0.000042,-0.000060,0.698477,0.715632
4.819521,-1.068828,-0.000001,-0.000138,0.000130,0.699307,0.714822
4.820588,-1.020573,-0.000001,0.000137,-0.000103,0.699318,0.714811
4.827887,-0.825156,-0.000046,-0.000083,0.000079,0.698943,0.715177
4.829909,-0.704843,-0.000009,-0.000458,0.000414,0.699154,0.714971
4.831900,-0.613226,-0.000045,-0.000128,0.000102,0.699378,0.714752
4.833051,-0.560612,-0.000065,0.000024,-0.000039,0.699440,0.714691
4.838122,-0.404872,-0.000055,-0.001107,0.001082,0.699363,0.714765
4.843168,-0.154590,-0.000042,-0.000039,0.000046,0.698791,0.715326
4.849579,0.013299,-0.000017,-0.000272,0.000268,0.699188,0.714938
4.851265,0.176286,-0.000011,-0.000015,0.000005,0.699388,0.714742
4.853042,0.262217,-0.000027,0.000039,-0.000023,0.699482,0.714650
4.852781,0.364398,-0.000010,-0.000149,0.000149,0.699543,0.714591
4.853646,0.405692,-0.000023,-0.000055,0.000073,0.699542,0.714591
4.855970,0.590093,0.000092,0.000827,-0.000838,0.699780,0.714358
4.859331,0.751961,0.000390,0.000303,-0.000312,0.699707,0.714430
4.859303,0.775552,0.000027,0.000336,-0.000356,0.678397,0.734695
4.859289,0.775533,0.000027,0.000337,-0.000368,0.712035,0.702144
4.859411,0.775576,0.000027,0.000324,-0.000367,0.770676,0.637227
4.859101,0.775693,0.000027,0.000291,-0.000368,0.838358,0.545119
4.863245,0.772506,0.000000,0.000044,0.000040,0.918251,0.395998
4.863368,0.772367,0.000000,0.000053,0.000067,0.946521,0.322644
4.874509,0.778992,-0.000000,-0.000025,0.000033,0.983988,0.178236
4.781280,0.821532,-0.000018,0.000405,0.000816,0.982082,0.188453
4.606688,0.888438,-0.000008,-0.000077,-0.000004,0.983477,0.181033
4.593960,0.893257,-0.000010,0.000011,0.000005,0.995085,0.099021
4.566057,0.894198,-0.000013,0.002412,0.000152,0.999996,0.001560
4.466978,0.891859,-0.000021,-0.000666,0.001082,0.999957,-0.009191
4.470407,0.905528,0.000020,0.000751,-0.000784,0.999976,-0.006869
4.468266,1.061328,0.000213,0.000756,-0.000613,0.999975,-0.006962
4.323086,1.134810,-0.000323,-0.001268,-0.001069,0.999908,0.013455
4.148528,1.145879,-0.000015,-0.000295,-0.000002,0.999911,0.013369
4.093983,1.147352,-0.000024,-0.000009,0.000002,0.999912,0.013295
4.094162,1.148838,-0.000024,0.000332,0.000003,0.999993,0.003853
4.092959,0.983848,-0.000024,0.000040,-0.000008,0.999943,0.010716
4.093234,0.996769,-0.000024,0.000001,-0.000163,0.999942,0.010783
4.038216,1.016434,-0.000045,-0.001960,-0.000194,0.999996,0.002109
3.840451,1.014003,-0.000652,-0.001301,-0.000008,0.999998,0.001482
3.616706,1.013515,-0.000159,-0.000239,0.000001,1.000000,0.000048
3.393438,1.010242,-0.000011,-0.000001,0.000002,0.999999,0.001415
3.228983,1.008595,-0.000011,-0.001398,0.000007,0.999999,0.000043
3.215115,1.008595,-0.000016,-0.000072,0.000007,1.000000,0.000089
3.023400,1.011790,0.000029,-0.000270,-0.000021,0.999999,0.001299
2.941751,1.011976,0.000109,0.000632,0.000009,0.999999,0.001329
2.731138,1.011798,-0.000019,-0.000003,-0.000002,1.000000,-0.000029
2.625264,1.013493,-0.000005,0.000149,-0.000017,1.000000,0.000475
2.456834,1.013548,-0.000035,-0.000236,0.000027,1.000000,0.000530
2.411397,1.016328,-0.000008,0.000113,0.000005,1.000000,0.000919
2.225106,1.016670,-0.000053,-0.000791,0.000018,0.999999,0.000903
2.208529,1.014300,-0.000006,-0.000065,0.000017,0.999705,-0.024306
2.208639,1.014323,-0.000006,0.000032,-0.000055,0.995956,-0.089837
2.208697,1.014291,-0.000006,0.000058,-0.000056,0.985775,-0.168072
2.208780,1.014347,-0.000006,-0.000020,0.000022,0.970644,-0.240521
2.210249,1.016520,-0.000000,-0.000049,0.000141,0.926596,-0.376059
2.178355,0.986625,-0.000006,0.000138,0.000018,0.925102,-0.379718
2.013748,0.824012,-0.000036,-0.000083,0.000004,0.920192,-0.391467
1.961625,0.793597,-0.000000,-0.000084,-0.000002,-0.863400,0.504520
1.961794,0.793705,-0.000000,-0.000059,-0.000033,-0.838237,0.545307
1.961802,0.793842,-0.000000,-0.000022,0.000002,-0.802481,0.596678
1.936098,0.712905,-0.000002,0.000010,-0.000070,-0.804458,0.594010
1.893860,0.645156,0.000000,0.000040,0.000093,-0.777996,0.628270
1.880497,0.574696,-0.000026,0.000040,0.000162,-0.770017,0.638024
1.876072,0.549497,-0.000035,-0.000097,0.000060,-0.762659,0.646801
1.849896,0.414143,-0.000072,0.000841,0.000877,-0.757489,0.652847
1.841586,0.395573,0.000022,-0.000250,-0.000236,-0.727901,0.685682
1.841587,0.395574,0.000022,-0.000272,-0.000209,-0.729177,0.684325
1.841587,0.395568,0.000022,-0.000272,-0.000207,-0.729115,0.684391
1.841588,0.395564,0.000022,-0.000272,-0.000209,-0.729168,0.684335
